src/source/app/build/outputs/logs/manifest-merger-debug-report.txt
-- Merging decision tree log ---
manifest
ADDED from AndroidManifest.xml:2:1
	xmlns:android
		ADDED from AndroidManifest.xml:2:11
	package
		ADDED from AndroidManifest.xml:3:5
		INJECTED from AndroidManifest.xml:0:0
		INJECTED from AndroidManifest.xml:0:0
	android:versionName
		ADDED from AndroidManifest.xml:5:5
	android:versionCode
		ADDED from AndroidManifest.xml:4:5
		INJECTED from AndroidManifest.xml:0:0
		INJECTED from AndroidManifest.xml:0:0
uses-sdk
ADDED from AndroidManifest.xml:7:5
	android:targetSdkVersion
		ADDED from AndroidManifest.xml:9:9
		INJECTED from AndroidManifest.xml:0:0
		INJECTED from AndroidManifest.xml:0:0
	android:minSdkVersion
		ADDED from AndroidManifest.xml:8:9
		INJECTED from AndroidManifest.xml:0:0
		INJECTED from AndroidManifest.xml:0:0
uses-permission#android.permission.CAMERA
ADDED from AndroidManifest.xml:11:5
	android:name
		ADDED from AndroidManifest.xml:11:22
uses-permission#android.permission.WRITE_EXTERNAL_STORAGE
ADDED from AndroidManifest.xml:12:5
	android:name
		ADDED from AndroidManifest.xml:12:22
uses-feature#android.hardware.camera
ADDED from AndroidManifest.xml:14:5
	android:name
		ADDED from AndroidManifest.xml:14:19
uses-feature#android.hardware.camera.autofocus
ADDED from AndroidManifest.xml:15:5
	android:required
		ADDED from AndroidManifest.xml:17:9
	android:name
		ADDED from AndroidManifest.xml:16:9
uses-feature#android.hardware.touchscreen
ADDED from AndroidManifest.xml:18:5
	android:required
		ADDED from AndroidManifest.xml:20:9
	android:name
		ADDED from AndroidManifest.xml:19:9
android:uses-permission#android.permission.WRITE_EXTERNAL_STORAGE
ADDED from AndroidManifest.xml:24:5
	android:maxSdkVersion
		ADDED from AndroidManifest.xml:26:9
	android:name
		ADDED from AndroidManifest.xml:25:9
android:uses-permission#android.permission.READ_PHONE_STATE
ADDED from AndroidManifest.xml:27:5
	android:name
		ADDED from AndroidManifest.xml:27:30
android:uses-permission#android.permission.READ_CONTACTS
ADDED from AndroidManifest.xml:28:5
	android:name
		ADDED from AndroidManifest.xml:28:30
android:uses-permission#android.permission.WRITE_CONTACTS
ADDED from AndroidManifest.xml:29:5
	android:name
		ADDED from AndroidManifest.xml:29:30
android:uses-permission#android.permission.READ_EXTERNAL_STORAGE
ADDED from AndroidManifest.xml:30:5
	android:maxSdkVersion
		ADDED from AndroidManifest.xml:32:9
	android:name
		ADDED from AndroidManifest.xml:31:9
application
ADDED from AndroidManifest.xml:34:5
	android:label
		ADDED from AndroidManifest.xml:36:9
	android:icon
		ADDED from AndroidManifest.xml:35:9
activity#com.jwetherell.QRComm575.CaptureActivity
ADDED from AndroidManifest.xml:37:9
	android:windowSoftInputMode
		ADDED from AndroidManifest.xml:47:13
	android:screenOrientation
		ADDED from AndroidManifest.xml:44:13
	android:noHistory
		ADDED from AndroidManifest.xml:38:13
	android:label
		ADDED from AndroidManifest.xml:43:13
	android:icon
		ADDED from AndroidManifest.xml:42:13
	android:configChanges
		ADDED from AndroidManifest.xml:41:13
	android:theme
		ADDED from AndroidManifest.xml:46:13
	android:stateNotNeeded
		ADDED from AndroidManifest.xml:45:13
	android:clearTaskOnLaunch
		ADDED from AndroidManifest.xml:40:13
	android:name
		ADDED from AndroidManifest.xml:39:13
activity#com.jwetherell.QRComm575.DecoderActivity
ADDED from AndroidManifest.xml:49:9
	android:windowSoftInputMode
		ADDED from AndroidManifest.xml:59:13
	android:screenOrientation
		ADDED from AndroidManifest.xml:56:13
	android:noHistory
		ADDED from AndroidManifest.xml:50:13
	android:label
		ADDED from AndroidManifest.xml:55:13
	android:icon
		ADDED from AndroidManifest.xml:54:13
	android:configChanges
		ADDED from AndroidManifest.xml:53:13
	android:theme
		ADDED from AndroidManifest.xml:58:13
	android:stateNotNeeded
		ADDED from AndroidManifest.xml:57:13
	android:clearTaskOnLaunch
		ADDED from AndroidManifest.xml:52:13
	android:name
		ADDED from AndroidManifest.xml:51:13
activity#com.jwetherell.QRComm575.EncoderActivity
ADDED from AndroidManifest.xml:61:9
	android:windowSoftInputMode
		ADDED from AndroidManifest.xml:71:13
	android:screenOrientation
		ADDED from AndroidManifest.xml:68:13
	android:noHistory
		ADDED from AndroidManifest.xml:62:13
	android:label
		ADDED from AndroidManifest.xml:67:13
	android:icon
		ADDED from AndroidManifest.xml:66:13
	android:configChanges
		ADDED from AndroidManifest.xml:65:13
	android:theme
		ADDED from AndroidManifest.xml:70:13
	android:stateNotNeeded
		ADDED from AndroidManifest.xml:69:13
	android:clearTaskOnLaunch
		ADDED from AndroidManifest.xml:64:13
	android:name
		ADDED from AndroidManifest.xml:63:13
activity#com.jwetherell.QRComm575.SendPictureActivity
ADDED from AndroidManifest.xml:73:9
	android:windowSoftInputMode
		ADDED from AndroidManifest.xml:83:13
	android:screenOrientation
		ADDED from AndroidManifest.xml:80:13
	android:label
		ADDED from AndroidManifest.xml:79:13
	android:icon
		ADDED from AndroidManifest.xml:78:13
	android:configChanges
		ADDED from AndroidManifest.xml:77:13
	android:theme
		ADDED from AndroidManifest.xml:82:13
	android:stateNotNeeded
		ADDED from AndroidManifest.xml:81:13
	android:clearTaskOnLaunch
		ADDED from AndroidManifest.xml:76:13
	android:name
		ADDED from AndroidManifest.xml:75:13
activity#com.jwetherell.QRComm575.MainActivity
ADDED from AndroidManifest.xml:85:9
	android:label
		ADDED from AndroidManifest.xml:87:13
	android:name
		ADDED from AndroidManifest.xml:86:13
intent-filter#android.intent.action.MAIN+android.intent.category.LAUNCHER
ADDED from AndroidManifest.xml:88:13
action#android.intent.action.MAIN
ADDED from AndroidManifest.xml:89:17
	android:name
		ADDED from AndroidManifest.xml:89:25
category#android.intent.category.LAUNCHER
ADDED from AndroidManifest.xml:91:17
	android:name
		ADDED from AndroidManifest.xml:91:27
activity#com.jwetherell.QRComm575.ResultActivity
ADDED from AndroidManifest.xml:94:9
	android:noHistory
		ADDED from AndroidManifest.xml:97:13
	android:label
		ADDED from AndroidManifest.xml:96:13
	android:parentActivityName
		ADDED from AndroidManifest.xml:98:13
	android:name
		ADDED from AndroidManifest.xml:95:13
meta-data#android.support.PARENT_ACTIVITY
ADDED from AndroidManifest.xml:99:13
	android:name
		ADDED from AndroidManifest.xml:100:17
	android:value
		ADDED from AndroidManifest.xml:101:17
activity#com.jwetherell.QRComm575.EncodeMainActivity
ADDED from AndroidManifest.xml:103:9
	android:label
		ADDED from AndroidManifest.xml:105:13
	android:name
		ADDED from AndroidManifest.xml:104:13
activity#com.jwetherell.QRComm575.QRDisplay
ADDED from AndroidManifest.xml:107:9
	android:noHistory
		ADDED from AndroidManifest.xml:110:13
	android:label
		ADDED from AndroidManifest.xml:109:13
	android:parentActivityName
		ADDED from AndroidManifest.xml:111:13
	android:name
		ADDED from AndroidManifest.xml:108:13
activity#com.jwetherell.QRComm575.ContactInputActivity
ADDED from AndroidManifest.xml:116:9
	android:noHistory
		ADDED from AndroidManifest.xml:119:13
	android:label
		ADDED from AndroidManifest.xml:118:13
	android:parentActivityName
		ADDED from AndroidManifest.xml:120:13
	android:name
		ADDED from AndroidManifest.xml:117:13
activity#com.jwetherell.QRComm575.ResultActivity2
ADDED from AndroidManifest.xml:125:9
	android:noHistory
		ADDED from AndroidManifest.xml:128:13
	android:label
		ADDED from AndroidManifest.xml:127:13
	android:parentActivityName
		ADDED from AndroidManifest.xml:129:13
	android:name
		ADDED from AndroidManifest.xml:126:13